<?xml version="1.0" encoding="UTF-8"?>
<!-- Generated by org.testng.reporters.JUnitXMLReporter -->
<testsuite hostname="DESKTOP-2MOEP7I" ignored="0" name="Banking Project" tests="2" failures="0" timestamp="2020-08-17T17:10:15 EDT" time="21.136" errors="0">
  <testcase name="loginTest" time="0.792" classname="com.guru99project.testCases.TC_LoginTest_001"/>
  <testcase name="addNewCustomer" time="8.554" classname="com.guru99project.testCases.TC_AddCustomerTest_003"/>
</testsuite> <!-- Banking Project -->
